build/app/intermediates/manifest_merge_blame_file/debug/manifest-merger-blame-debug-report.txt
1<?xml version="1.0" encoding="utf-8"?>
2<manifest xmlns:android="http://schemas.android.com/apk/res/android"
3    package="com.example.picgenie"
4    android:versionCode="1"
5    android:versionName="1.0.0" >
6
7    <uses-sdk
8        android:minSdkVersion="21"
9        android:targetSdkVersion="34" />
10    <!--
11         The INTERNET permission is required for development. Specifically,
12         the Flutter tool needs it to communicate with the running application
13         to allow setting breakpoints, to provide hot reload, etc.
14    -->
15    <uses-permission android:name="android.permission.INTERNET" />
15-->src\debug\AndroidManifest.xml:6:5-66
15-->src\debug\AndroidManifest.xml:6:22-64
16    <uses-permission android:name="android.permission.READ_EXTERNAL_STORAGE" />
16-->src\main\AndroidManifest.xml:2:1-76
16-->src\main\AndroidManifest.xml:2:18-73
17    <uses-permission android:name="android.permission.WRITE_EXTERNAL_STORAGE" />
17-->src\main\AndroidManifest.xml:3:1-77
17-->src\main\AndroidManifest.xml:3:18-74
18    <uses-permission android:name="android.permission.MANAGE_EXTERNAL_STORAGE" />
18-->src\main\AndroidManifest.xml:4:1-78
18-->src\main\AndroidManifest.xml:4:18-75
19
20    <queries>
20-->src\main\AndroidManifest.xml:32:5-37:15
21        <intent>
21-->src\main\AndroidManifest.xml:33:9-36:18
22            <action android:name="android.intent.action.PROCESS_TEXT" />
22-->src\main\AndroidManifest.xml:34:13-72
22-->src\main\AndroidManifest.xml:34:21-70
23
24            <data android:mimeType="text/plain" />
24-->src\main\AndroidManifest.xml:35:13-50
24-->src\main\AndroidManifest.xml:35:19-48
25        </intent>
26    </queries>
27
28    <uses-permission android:name="android.permission.ACCESS_NETWORK_STATE" />
28-->[androidx.media3:media3-common:1.4.1] AndroidManifest.xml:22:5-79
28-->[androidx.media3:media3-common:1.4.1] AndroidManifest.xml:22:22-76
29
30    <permission
30-->[androidx.core:core:1.13.1] AndroidManifest.xml:22:5-24:47
31        android:name="com.example.picgenie.DYNAMIC_RECEIVER_NOT_EXPORTED_PERMISSION"
31-->[androidx.core:core:1.13.1] AndroidManifest.xml:23:9-81
32        android:protectionLevel="signature" />
32-->[androidx.core:core:1.13.1] AndroidManifest.xml:24:9-44
33
34    <uses-permission android:name="com.example.picgenie.DYNAMIC_RECEIVER_NOT_EXPORTED_PERMISSION" />
34-->[androidx.core:core:1.13.1] AndroidManifest.xml:26:5-97
34-->[androidx.core:core:1.13.1] AndroidManifest.xml:26:22-94
35
36    <application
37        android:name="android.app.Application"
38        android:appComponentFactory="androidx.core.app.CoreComponentFactory"
38-->[androidx.core:core:1.13.1] AndroidManifest.xml:28:18-86
39        android:debuggable="true"
40        android:extractNativeLibs="true"
41        android:icon="@mipmap/ic_launcher"
42        android:label="PicGenie" >
43        <activity
44            android:name="com.example.picgenie.MainActivity"
45            android:configChanges="orientation|keyboardHidden|keyboard|screenSize|smallestScreenSize|locale|layoutDirection|fontScale|screenLayout|density|uiMode"
46            android:exported="true"
47            android:hardwareAccelerated="true"
48            android:launchMode="singleTop"
49            android:taskAffinity=""
50            android:theme="@style/LaunchTheme"
51            android:windowSoftInputMode="adjustResize" >
52            <meta-data
53                android:name="io.flutter.embedding.android.NormalTheme"
54                android:resource="@style/NormalTheme" />
55
56            <intent-filter>
57                <action android:name="android.intent.action.MAIN" />
58
59                <category android:name="android.intent.category.LAUNCHER" />
60            </intent-filter>
61        </activity>
62
63        <meta-data
64            android:name="flutterEmbedding"
65            android:value="2" />
66
67        <activity
67-->[:url_launcher_android] AndroidManifest.xml:8:9-11:74
68            android:name="io.flutter.plugins.urllauncher.WebViewActivity"
68-->[:url_launcher_android] AndroidManifest.xml:9:13-74
69            android:exported="false"
69-->[:url_launcher_android] AndroidManifest.xml:10:13-37
70            android:theme="@android:style/Theme.NoTitleBar.Fullscreen" />
70-->[:url_launcher_android] AndroidManifest.xml:11:13-71
71
72        <uses-library
72-->[androidx.window:window:1.2.0] AndroidManifest.xml:23:9-25:40
73            android:name="androidx.window.extensions"
73-->[androidx.window:window:1.2.0] AndroidManifest.xml:24:13-54
74            android:required="false" />
74-->[androidx.window:window:1.2.0] AndroidManifest.xml:25:13-37
75        <uses-library
75-->[androidx.window:window:1.2.0] AndroidManifest.xml:26:9-28:40
76            android:name="androidx.window.sidecar"
76-->[androidx.window:window:1.2.0] AndroidManifest.xml:27:13-51
77            android:required="false" />
77-->[androidx.window:window:1.2.0] AndroidManifest.xml:28:13-37
78
79        <provider
79-->[androidx.lifecycle:lifecycle-process:2.7.0] AndroidManifest.xml:24:9-32:20
80            android:name="androidx.startup.InitializationProvider"
80-->[androidx.lifecycle:lifecycle-process:2.7.0] AndroidManifest.xml:25:13-67
81            android:authorities="com.example.picgenie.androidx-startup"
81-->[androidx.lifecycle:lifecycle-process:2.7.0] AndroidManifest.xml:26:13-68
82            android:exported="false" >
82-->[androidx.lifecycle:lifecycle-process:2.7.0] AndroidManifest.xml:27:13-37
83            <meta-data
83-->[androidx.lifecycle:lifecycle-process:2.7.0] AndroidManifest.xml:29:13-31:52
84                android:name="androidx.lifecycle.ProcessLifecycleInitializer"
84-->[androidx.lifecycle:lifecycle-process:2.7.0] AndroidManifest.xml:30:17-78
85                android:value="androidx.startup" />
85-->[androidx.lifecycle:lifecycle-process:2.7.0] AndroidManifest.xml:31:17-49
86            <meta-data
86-->[androidx.profileinstaller:profileinstaller:1.3.1] AndroidManifest.xml:29:13-31:52
87                android:name="androidx.profileinstaller.ProfileInstallerInitializer"
87-->[androidx.profileinstaller:profileinstaller:1.3.1] AndroidManifest.xml:30:17-85
88                android:value="androidx.startup" />
88-->[androidx.profileinstaller:profileinstaller:1.3.1] AndroidManifest.xml:31:17-49
89        </provider>
90
91        <receiver
91-->[androidx.profileinstaller:profileinstaller:1.3.1] AndroidManifest.xml:34:9-52:20
92            android:name="androidx.profileinstaller.ProfileInstallReceiver"
92-->[androidx.profileinstaller:profileinstaller:1.3.1] AndroidManifest.xml:35:13-76
93            android:directBootAware="false"
93-->[androidx.profileinstaller:profileinstaller:1.3.1] AndroidManifest.xml:36:13-44
94            android:enabled="true"
94-->[androidx.profileinstaller:profileinstaller:1.3.1] AndroidManifest.xml:37:13-35
95            android:exported="true"
95-->[androidx.profileinstaller:profileinstaller:1.3.1] AndroidManifest.xml:38:13-36
96            android:permission="android.permission.DUMP" >
96-->[androidx.profileinstaller:profileinstaller:1.3.1] AndroidManifest.xml:39:13-57
97            <intent-filter>
97-->[androidx.profileinstaller:profileinstaller:1.3.1] AndroidManifest.xml:40:13-42:29
98                <action android:name="androidx.profileinstaller.action.INSTALL_PROFILE" />
98-->[androidx.profileinstaller:profileinstaller:1.3.1] AndroidManifest.xml:41:17-91
98-->[androidx.profileinstaller:profileinstaller:1.3.1] AndroidManifest.xml:41:25-88
99            </intent-filter>
100            <intent-filter>
100-->[androidx.profileinstaller:profileinstaller:1.3.1] AndroidManifest.xml:43:13-45:29
101                <action android:name="androidx.profileinstaller.action.SKIP_FILE" />
101-->[androidx.profileinstaller:profileinstaller:1.3.1] AndroidManifest.xml:44:17-85
101-->[androidx.profileinstaller:profileinstaller:1.3.1] AndroidManifest.xml:44:25-82
102            </intent-filter>
103            <intent-filter>
103-->[androidx.profileinstaller:profileinstaller:1.3.1] AndroidManifest.xml:46:13-48:29
104                <action android:name="androidx.profileinstaller.action.SAVE_PROFILE" />
104-->[androidx.profileinstaller:profileinstaller:1.3.1] AndroidManifest.xml:47:17-88
104-->[androidx.profileinstaller:profileinstaller:1.3.1] AndroidManifest.xml:47:25-85
105            </intent-filter>
106            <intent-filter>
106-->[androidx.profileinstaller:profileinstaller:1.3.1] AndroidManifest.xml:49:13-51:29
107                <action android:name="androidx.profileinstaller.action.BENCHMARK_OPERATION" />
107-->[androidx.profileinstaller:profileinstaller:1.3.1] AndroidManifest.xml:50:17-95
107-->[androidx.profileinstaller:profileinstaller:1.3.1] AndroidManifest.xml:50:25-92
108            </intent-filter>
109        </receiver>
110    </application>
111
112</manifest>